The system is: Linux - 3.19.0-30-generic - i686
Compiling the C compiler identification source file "CMakeCCompilerId.c" succeeded.
Compiler: /home/wangqi/workspace/GDP/genivi-demo-platform/gdp-src-build/tmp/sysroots/i686-linux/usr/bin/x86_64-poky-linux/x86_64-poky-linux-gcc -m64;-march=core2;-mtune=core2;-msse3;-mfpmath=sse;--sysroot=/home/wangqi/workspace/GDP/genivi-demo-platform/gdp-src-build/tmp/sysroots/qemux86-64
Build flags: ;-O2;-pipe;-g;-feliminate-unused-debug-types
Id flags: 

The output was:
0


Compilation of the C compiler identification source "CMakeCCompilerId.c" produced "a.out"

The C compiler identification is GNU, found in "/home/common_api/02_demo/01_sys/test/dbus_so/build/CMakeFiles/3.0.2/CompilerIdC/a.out"

Compiling the CXX compiler identification source file "CMakeCXXCompilerId.cpp" succeeded.
Compiler: /home/wangqi/workspace/GDP/genivi-demo-platform/gdp-src-build/tmp/sysroots/i686-linux/usr/bin/x86_64-poky-linux/x86_64-poky-linux-g++ -m64;-march=core2;-mtune=core2;-msse3;-mfpmath=sse;--sysroot=/home/wangqi/workspace/GDP/genivi-demo-platform/gdp-src-build/tmp/sysroots/qemux86-64
Build flags: ;-O2;-pipe;-g;-feliminate-unused-debug-types
Id flags: 

The output was:
0


Compilation of the CXX compiler identification source "CMakeCXXCompilerId.cpp" produced "a.out"

The CXX compiler identification is GNU, found in "/home/common_api/02_demo/01_sys/test/dbus_so/build/CMakeFiles/3.0.2/CompilerIdCXX/a.out"

Determining if the C compiler works passed with the following output:
Change Dir: /home/common_api/02_demo/01_sys/test/dbus_so/build/CMakeFiles/CMakeTmp

Run Build Command:"/usr/bin/make" "cmTryCompileExec287791688/fast"
/usr/bin/make -f CMakeFiles/cmTryCompileExec287791688.dir/build.make CMakeFiles/cmTryCompileExec287791688.dir/build
make[1]: Entering directory '/home/common_api/02_demo/01_sys/test/dbus_so/build/CMakeFiles/CMakeTmp'
/usr/bin/cmake -E cmake_progress_report /home/common_api/02_demo/01_sys/test/dbus_so/build/CMakeFiles/CMakeTmp/CMakeFiles 1
Building C object CMakeFiles/cmTryCompileExec287791688.dir/testCCompiler.c.o
/home/wangqi/workspace/GDP/genivi-demo-platform/gdp-src-build/tmp/sysroots/i686-linux/usr/bin/x86_64-poky-linux/x86_64-poky-linux-gcc   -m64 -march=core2 -mtune=core2 -msse3 -mfpmath=sse --sysroot=/home/wangqi/workspace/GDP/genivi-demo-platform/gdp-src-build/tmp/sysroots/qemux86-64  -O2 -pipe -g -feliminate-unused-debug-types     -o CMakeFiles/cmTryCompileExec287791688.dir/testCCompiler.c.o   -c /home/common_api/02_demo/01_sys/test/dbus_so/build/CMakeFiles/CMakeTmp/testCCompiler.c
Linking C executable cmTryCompileExec287791688
/usr/bin/cmake -E cmake_link_script CMakeFiles/cmTryCompileExec287791688.dir/link.txt --verbose=1
/home/wangqi/workspace/GDP/genivi-demo-platform/gdp-src-build/tmp/sysroots/i686-linux/usr/bin/x86_64-poky-linux/x86_64-poky-linux-gcc   -m64 -march=core2 -mtune=core2 -msse3 -mfpmath=sse --sysroot=/home/wangqi/workspace/GDP/genivi-demo-platform/gdp-src-build/tmp/sysroots/qemux86-64  -O2 -pipe -g -feliminate-unused-debug-types     -Wl,-O1 -Wl,--hash-style=gnu -Wl,--as-needed CMakeFiles/cmTryCompileExec287791688.dir/testCCompiler.c.o  -o cmTryCompileExec287791688 -rdynamic 
make[1]: Leaving directory '/home/common_api/02_demo/01_sys/test/dbus_so/build/CMakeFiles/CMakeTmp'


Detecting C compiler ABI info compiled with the following output:
Change Dir: /home/common_api/02_demo/01_sys/test/dbus_so/build/CMakeFiles/CMakeTmp

Run Build Command:"/usr/bin/make" "cmTryCompileExec1085067949/fast"
/usr/bin/make -f CMakeFiles/cmTryCompileExec1085067949.dir/build.make CMakeFiles/cmTryCompileExec1085067949.dir/build
make[1]: Entering directory '/home/common_api/02_demo/01_sys/test/dbus_so/build/CMakeFiles/CMakeTmp'
/usr/bin/cmake -E cmake_progress_report /home/common_api/02_demo/01_sys/test/dbus_so/build/CMakeFiles/CMakeTmp/CMakeFiles 1
Building C object CMakeFiles/cmTryCompileExec1085067949.dir/CMakeCCompilerABI.c.o
/home/wangqi/workspace/GDP/genivi-demo-platform/gdp-src-build/tmp/sysroots/i686-linux/usr/bin/x86_64-poky-linux/x86_64-poky-linux-gcc   -m64 -march=core2 -mtune=core2 -msse3 -mfpmath=sse --sysroot=/home/wangqi/workspace/GDP/genivi-demo-platform/gdp-src-build/tmp/sysroots/qemux86-64  -O2 -pipe -g -feliminate-unused-debug-types     -o CMakeFiles/cmTryCompileExec1085067949.dir/CMakeCCompilerABI.c.o   -c /usr/share/cmake-3.0/Modules/CMakeCCompilerABI.c
Linking C executable cmTryCompileExec1085067949
/usr/bin/cmake -E cmake_link_script CMakeFiles/cmTryCompileExec1085067949.dir/link.txt --verbose=1
/home/wangqi/workspace/GDP/genivi-demo-platform/gdp-src-build/tmp/sysroots/i686-linux/usr/bin/x86_64-poky-linux/x86_64-poky-linux-gcc   -m64 -march=core2 -mtune=core2 -msse3 -mfpmath=sse --sysroot=/home/wangqi/workspace/GDP/genivi-demo-platform/gdp-src-build/tmp/sysroots/qemux86-64  -O2 -pipe -g -feliminate-unused-debug-types    -v CMakeFiles/cmTryCompileExec1085067949.dir/CMakeCCompilerABI.c.o  -o cmTryCompileExec1085067949 -rdynamic  
Using built-in specs.
COLLECT_GCC=/home/wangqi/workspace/GDP/genivi-demo-platform/gdp-src-build/tmp/sysroots/i686-linux/usr/bin/x86_64-poky-linux/x86_64-poky-linux-gcc
COLLECT_LTO_WRAPPER=/home/wangqi/workspace/GDP/genivi-demo-platform/gdp-src-build/tmp/sysroots/i686-linux/usr/libexec/x86_64-poky-linux/gcc/x86_64-poky-linux/4.9.1/lto-wrapper
Target: x86_64-poky-linux
Configured with: /home/wangqi/workspace/GDP/genivi-demo-platform/gdp-src-build/tmp/work-shared/gcc-4.9.1-r0/gcc-4.9.1/configure --build=i686-linux --host=i686-linux --target=x86_64-poky-linux --prefix=/home/wangqi/workspace/GDP/genivi-demo-platform/gdp-src-build/tmp/sysroots/i686-linux/usr --exec_prefix=/home/wangqi/workspace/GDP/genivi-demo-platform/gdp-src-build/tmp/sysroots/i686-linux/usr --bindir=/home/wangqi/workspace/GDP/genivi-demo-platform/gdp-src-build/tmp/sysroots/i686-linux/usr/bin/x86_64-poky-linux --sbindir=/home/wangqi/workspace/GDP/genivi-demo-platform/gdp-src-build/tmp/sysroots/i686-linux/usr/bin/x86_64-poky-linux --libexecdir=/home/wangqi/workspace/GDP/genivi-demo-platform/gdp-src-build/tmp/sysroots/i686-linux/usr/libexec/x86_64-poky-linux --datadir=/home/wangqi/workspace/GDP/genivi-demo-platform/gdp-src-build/tmp/sysroots/i686-linux/usr/share --sysconfdir=/home/wangqi/workspace/GDP/genivi-demo-platform/gdp-src-build/tmp/sysroots/i686-linux/etc --sharedstatedir=/home/wangqi/workspace/GDP/genivi-demo-platform/gdp-src-build/tmp/sysroots/i686-linux/com --localstatedir=/home/wangqi/workspace/GDP/genivi-demo-platform/gdp-src-build/tmp/sysroots/i686-linux/var --libdir=/home/wangqi/workspace/GDP/genivi-demo-platform/gdp-src-build/tmp/sysroots/i686-linux/usr/lib/x86_64-poky-linux --includedir=/home/wangqi/workspace/GDP/genivi-demo-platform/gdp-src-build/tmp/sysroots/i686-linux/usr/include --oldincludedir=/home/wangqi/workspace/GDP/genivi-demo-platform/gdp-src-build/tmp/sysroots/i686-linux/usr/include --infodir=/home/wangqi/workspace/GDP/genivi-demo-platform/gdp-src-build/tmp/sysroots/i686-linux/usr/share/info --mandir=/home/wangqi/workspace/GDP/genivi-demo-platform/gdp-src-build/tmp/sysroots/i686-linux/usr/share/man --disable-silent-rules --disable-dependency-tracking --with-libtool-sysroot=/home/wangqi/workspace/GDP/genivi-demo-platform/gdp-src-build/tmp/sysroots/i686-linux --enable-clocale=generic --with-gnu-ld --enable-shared --enable-languages=c,c++ --enable-threads=posix --disable-multilib --enable-c99 --enable-long-long --enable-symvers=gnu --enable-libstdcxx-pch --program-prefix=x86_64-poky-linux- --without-local-prefix --enable-target-optspace --enable-lto --enable-libssp --disable-bootstrap --disable-libmudflap --with-system-zlib --with-linker-hash-style=gnu --enable-linker-build-id --with-ppl=no --with-cloog=no --enable-checking=release --enable-cheaders=c_global --with-gxx-include-dir=/home/wangqi/workspace/GDP/genivi-demo-platform/gdp-src-build/tmp/sysroots/qemux86-64/usr/include/c++/4.9.1 --with-sysroot=/home/wangqi/workspace/GDP/genivi-demo-platform/gdp-src-build/tmp/sysroots/qemux86-64 --with-build-sysroot=/home/wangqi/workspace/GDP/genivi-demo-platform/gdp-src-build/tmp/sysroots/qemux86-64 --enable-poison-system-directories --with-mpfr=/home/wangqi/workspace/GDP/genivi-demo-platform/gdp-src-build/tmp/sysroots/i686-linux/usr --with-system-zlib --disable-nls --enable-__cxa_atexit
Thread model: posix
gcc version 4.9.1 (GCC) 
COMPILER_PATH=/home/wangqi/workspace/GDP/genivi-demo-platform/gdp-src-build/tmp/sysroots/i686-linux/usr/libexec/x86_64-poky-linux/gcc/x86_64-poky-linux/4.9.1/:/home/wangqi/workspace/GDP/genivi-demo-platform/gdp-src-build/tmp/sysroots/i686-linux/usr/libexec/x86_64-poky-linux/gcc/x86_64-poky-linux/4.9.1/:/home/wangqi/workspace/GDP/genivi-demo-platform/gdp-src-build/tmp/sysroots/i686-linux/usr/libexec/x86_64-poky-linux/gcc/x86_64-poky-linux/:/home/wangqi/workspace/GDP/genivi-demo-platform/gdp-src-build/tmp/sysroots/i686-linux/usr/lib/x86_64-poky-linux/gcc/x86_64-poky-linux/4.9.1/:/home/wangqi/workspace/GDP/genivi-demo-platform/gdp-src-build/tmp/sysroots/i686-linux/usr/lib/x86_64-poky-linux/gcc/x86_64-poky-linux/
LIBRARY_PATH=/home/wangqi/workspace/GDP/genivi-demo-platform/gdp-src-build/tmp/sysroots/i686-linux/usr/lib/x86_64-poky-linux/gcc/x86_64-poky-linux/4.9.1/:/home/wangqi/workspace/GDP/genivi-demo-platform/gdp-src-build/tmp/sysroots/qemux86-64/lib/../lib/:/home/wangqi/workspace/GDP/genivi-demo-platform/gdp-src-build/tmp/sysroots/qemux86-64/usr/lib/x86_64-poky-linux/4.9.1/:/home/wangqi/workspace/GDP/genivi-demo-platform/gdp-src-build/tmp/sysroots/qemux86-64/usr/lib/../lib/:/home/wangqi/workspace/GDP/genivi-demo-platform/gdp-src-build/tmp/sysroots/qemux86-64/lib/:/home/wangqi/workspace/GDP/genivi-demo-platform/gdp-src-build/tmp/sysroots/qemux86-64/usr/lib/
COLLECT_GCC_OPTIONS='--sysroot=/home/wangqi/workspace/GDP/genivi-demo-platform/gdp-src-build/tmp/sysroots/qemux86-64' '-m64' '-march=core2' '-mtune=core2' '-msse3' '-mfpmath=sse' '-O2' '-pipe' '-g' '-feliminate-unused-debug-types' '-v' '-o' 'cmTryCompileExec1085067949' '-rdynamic'
 /home/wangqi/workspace/GDP/genivi-demo-platform/gdp-src-build/tmp/sysroots/i686-linux/usr/libexec/x86_64-poky-linux/gcc/x86_64-poky-linux/4.9.1/collect2 -plugin /home/wangqi/workspace/GDP/genivi-demo-platform/gdp-src-build/tmp/sysroots/i686-linux/usr/libexec/x86_64-poky-linux/gcc/x86_64-poky-linux/4.9.1/liblto_plugin.so -plugin-opt=/home/wangqi/workspace/GDP/genivi-demo-platform/gdp-src-build/tmp/sysroots/i686-linux/usr/libexec/x86_64-poky-linux/gcc/x86_64-poky-linux/4.9.1/lto-wrapper -plugin-opt=-fresolution=/tmp/ccPREM7k.res -plugin-opt=-pass-through=-lgcc -plugin-opt=-pass-through=-lgcc_s -plugin-opt=-pass-through=-lc -plugin-opt=-pass-through=-lgcc -plugin-opt=-pass-through=-lgcc_s --sysroot=/home/wangqi/workspace/GDP/genivi-demo-platform/gdp-src-build/tmp/sysroots/qemux86-64 --build-id --eh-frame-hdr --hash-style=gnu -m elf_x86_64 -export-dynamic -dynamic-linker /lib/ld-linux-x86-64.so.2 -o cmTryCompileExec1085067949 /home/wangqi/workspace/GDP/genivi-demo-platform/gdp-src-build/tmp/sysroots/qemux86-64/usr/lib/../lib/crt1.o /home/wangqi/workspace/GDP/genivi-demo-platform/gdp-src-build/tmp/sysroots/qemux86-64/usr/lib/../lib/crti.o /home/wangqi/workspace/GDP/genivi-demo-platform/gdp-src-build/tmp/sysroots/qemux86-64/usr/lib/x86_64-poky-linux/4.9.1/crtbegin.o -L/home/wangqi/workspace/GDP/genivi-demo-platform/gdp-src-build/tmp/sysroots/i686-linux/usr/lib/x86_64-poky-linux/gcc/x86_64-poky-linux/4.9.1 -L/home/wangqi/workspace/GDP/genivi-demo-platform/gdp-src-build/tmp/sysroots/qemux86-64/lib/../lib -L/home/wangqi/workspace/GDP/genivi-demo-platform/gdp-src-build/tmp/sysroots/qemux86-64/usr/lib/x86_64-poky-linux/4.9.1 -L/home/wangqi/workspace/GDP/genivi-demo-platform/gdp-src-build/tmp/sysroots/qemux86-64/usr/lib/../lib -L/home/wangqi/workspace/GDP/genivi-demo-platform/gdp-src-build/tmp/sysroots/qemux86-64/lib -L/home/wangqi/workspace/GDP/genivi-demo-platform/gdp-src-build/tmp/sysroots/qemux86-64/usr/lib CMakeFiles/cmTryCompileExec1085067949.dir/CMakeCCompilerABI.c.o -lgcc --as-needed -lgcc_s --no-as-needed -lc -lgcc --as-needed -lgcc_s --no-as-needed /home/wangqi/workspace/GDP/genivi-demo-platform/gdp-src-build/tmp/sysroots/qemux86-64/usr/lib/x86_64-poky-linux/4.9.1/crtend.o /home/wangqi/workspace/GDP/genivi-demo-platform/gdp-src-build/tmp/sysroots/qemux86-64/usr/lib/../lib/crtn.o
make[1]: Leaving directory '/home/common_api/02_demo/01_sys/test/dbus_so/build/CMakeFiles/CMakeTmp'


Parsed C implicit link information from above output:
  link line regex: [^( *|.*[/\])(ld|([^/\]+-)?ld|collect2)[^/\]*( |$)]
  ignore line: [Change Dir: /home/common_api/02_demo/01_sys/test/dbus_so/build/CMakeFiles/CMakeTmp]
  ignore line: []
  ignore line: [Run Build Command:"/usr/bin/make" "cmTryCompileExec1085067949/fast"]
  ignore line: [/usr/bin/make -f CMakeFiles/cmTryCompileExec1085067949.dir/build.make CMakeFiles/cmTryCompileExec1085067949.dir/build]
  ignore line: [make[1]: Entering directory '/home/common_api/02_demo/01_sys/test/dbus_so/build/CMakeFiles/CMakeTmp']
  ignore line: [/usr/bin/cmake -E cmake_progress_report /home/common_api/02_demo/01_sys/test/dbus_so/build/CMakeFiles/CMakeTmp/CMakeFiles 1]
  ignore line: [Building C object CMakeFiles/cmTryCompileExec1085067949.dir/CMakeCCompilerABI.c.o]
  ignore line: [/home/wangqi/workspace/GDP/genivi-demo-platform/gdp-src-build/tmp/sysroots/i686-linux/usr/bin/x86_64-poky-linux/x86_64-poky-linux-gcc   -m64 -march=core2 -mtune=core2 -msse3 -mfpmath=sse --sysroot=/home/wangqi/workspace/GDP/genivi-demo-platform/gdp-src-build/tmp/sysroots/qemux86-64  -O2 -pipe -g -feliminate-unused-debug-types     -o CMakeFiles/cmTryCompileExec1085067949.dir/CMakeCCompilerABI.c.o   -c /usr/share/cmake-3.0/Modules/CMakeCCompilerABI.c]
  ignore line: [Linking C executable cmTryCompileExec1085067949]
  ignore line: [/usr/bin/cmake -E cmake_link_script CMakeFiles/cmTryCompileExec1085067949.dir/link.txt --verbose=1]
  ignore line: [/home/wangqi/workspace/GDP/genivi-demo-platform/gdp-src-build/tmp/sysroots/i686-linux/usr/bin/x86_64-poky-linux/x86_64-poky-linux-gcc   -m64 -march=core2 -mtune=core2 -msse3 -mfpmath=sse --sysroot=/home/wangqi/workspace/GDP/genivi-demo-platform/gdp-src-build/tmp/sysroots/qemux86-64  -O2 -pipe -g -feliminate-unused-debug-types    -v CMakeFiles/cmTryCompileExec1085067949.dir/CMakeCCompilerABI.c.o  -o cmTryCompileExec1085067949 -rdynamic  ]
  ignore line: [Using built-in specs.]
  ignore line: [COLLECT_GCC=/home/wangqi/workspace/GDP/genivi-demo-platform/gdp-src-build/tmp/sysroots/i686-linux/usr/bin/x86_64-poky-linux/x86_64-poky-linux-gcc]
  ignore line: [COLLECT_LTO_WRAPPER=/home/wangqi/workspace/GDP/genivi-demo-platform/gdp-src-build/tmp/sysroots/i686-linux/usr/libexec/x86_64-poky-linux/gcc/x86_64-poky-linux/4.9.1/lto-wrapper]
  ignore line: [Target: x86_64-poky-linux]
  ignore line: [Configured with: /home/wangqi/workspace/GDP/genivi-demo-platform/gdp-src-build/tmp/work-shared/gcc-4.9.1-r0/gcc-4.9.1/configure --build=i686-linux --host=i686-linux --target=x86_64-poky-linux --prefix=/home/wangqi/workspace/GDP/genivi-demo-platform/gdp-src-build/tmp/sysroots/i686-linux/usr --exec_prefix=/home/wangqi/workspace/GDP/genivi-demo-platform/gdp-src-build/tmp/sysroots/i686-linux/usr --bindir=/home/wangqi/workspace/GDP/genivi-demo-platform/gdp-src-build/tmp/sysroots/i686-linux/usr/bin/x86_64-poky-linux --sbindir=/home/wangqi/workspace/GDP/genivi-demo-platform/gdp-src-build/tmp/sysroots/i686-linux/usr/bin/x86_64-poky-linux --libexecdir=/home/wangqi/workspace/GDP/genivi-demo-platform/gdp-src-build/tmp/sysroots/i686-linux/usr/libexec/x86_64-poky-linux --datadir=/home/wangqi/workspace/GDP/genivi-demo-platform/gdp-src-build/tmp/sysroots/i686-linux/usr/share --sysconfdir=/home/wangqi/workspace/GDP/genivi-demo-platform/gdp-src-build/tmp/sysroots/i686-linux/etc --sharedstatedir=/home/wangqi/workspace/GDP/genivi-demo-platform/gdp-src-build/tmp/sysroots/i686-linux/com --localstatedir=/home/wangqi/workspace/GDP/genivi-demo-platform/gdp-src-build/tmp/sysroots/i686-linux/var --libdir=/home/wangqi/workspace/GDP/genivi-demo-platform/gdp-src-build/tmp/sysroots/i686-linux/usr/lib/x86_64-poky-linux --includedir=/home/wangqi/workspace/GDP/genivi-demo-platform/gdp-src-build/tmp/sysroots/i686-linux/usr/include --oldincludedir=/home/wangqi/workspace/GDP/genivi-demo-platform/gdp-src-build/tmp/sysroots/i686-linux/usr/include --infodir=/home/wangqi/workspace/GDP/genivi-demo-platform/gdp-src-build/tmp/sysroots/i686-linux/usr/share/info --mandir=/home/wangqi/workspace/GDP/genivi-demo-platform/gdp-src-build/tmp/sysroots/i686-linux/usr/share/man --disable-silent-rules --disable-dependency-tracking --with-libtool-sysroot=/home/wangqi/workspace/GDP/genivi-demo-platform/gdp-src-build/tmp/sysroots/i686-linux --enable-clocale=generic --with-gnu-ld --enable-shared --enable-languages=c,c++ --enable-threads=posix --disable-multilib --enable-c99 --enable-long-long --enable-symvers=gnu --enable-libstdcxx-pch --program-prefix=x86_64-poky-linux- --without-local-prefix --enable-target-optspace --enable-lto --enable-libssp --disable-bootstrap --disable-libmudflap --with-system-zlib --with-linker-hash-style=gnu --enable-linker-build-id --with-ppl=no --with-cloog=no --enable-checking=release --enable-cheaders=c_global --with-gxx-include-dir=/home/wangqi/workspace/GDP/genivi-demo-platform/gdp-src-build/tmp/sysroots/qemux86-64/usr/include/c++/4.9.1 --with-sysroot=/home/wangqi/workspace/GDP/genivi-demo-platform/gdp-src-build/tmp/sysroots/qemux86-64 --with-build-sysroot=/home/wangqi/workspace/GDP/genivi-demo-platform/gdp-src-build/tmp/sysroots/qemux86-64 --enable-poison-system-directories --with-mpfr=/home/wangqi/workspace/GDP/genivi-demo-platform/gdp-src-build/tmp/sysroots/i686-linux/usr --with-system-zlib --disable-nls --enable-__cxa_atexit]
  ignore line: [Thread model: posix]
  ignore line: [gcc version 4.9.1 (GCC) ]
  ignore line: [COMPILER_PATH=/home/wangqi/workspace/GDP/genivi-demo-platform/gdp-src-build/tmp/sysroots/i686-linux/usr/libexec/x86_64-poky-linux/gcc/x86_64-poky-linux/4.9.1/:/home/wangqi/workspace/GDP/genivi-demo-platform/gdp-src-build/tmp/sysroots/i686-linux/usr/libexec/x86_64-poky-linux/gcc/x86_64-poky-linux/4.9.1/:/home/wangqi/workspace/GDP/genivi-demo-platform/gdp-src-build/tmp/sysroots/i686-linux/usr/libexec/x86_64-poky-linux/gcc/x86_64-poky-linux/:/home/wangqi/workspace/GDP/genivi-demo-platform/gdp-src-build/tmp/sysroots/i686-linux/usr/lib/x86_64-poky-linux/gcc/x86_64-poky-linux/4.9.1/:/home/wangqi/workspace/GDP/genivi-demo-platform/gdp-src-build/tmp/sysroots/i686-linux/usr/lib/x86_64-poky-linux/gcc/x86_64-poky-linux/]
  ignore line: [LIBRARY_PATH=/home/wangqi/workspace/GDP/genivi-demo-platform/gdp-src-build/tmp/sysroots/i686-linux/usr/lib/x86_64-poky-linux/gcc/x86_64-poky-linux/4.9.1/:/home/wangqi/workspace/GDP/genivi-demo-platform/gdp-src-build/tmp/sysroots/qemux86-64/lib/../lib/:/home/wangqi/workspace/GDP/genivi-demo-platform/gdp-src-build/tmp/sysroots/qemux86-64/usr/lib/x86_64-poky-linux/4.9.1/:/home/wangqi/workspace/GDP/genivi-demo-platform/gdp-src-build/tmp/sysroots/qemux86-64/usr/lib/../lib/:/home/wangqi/workspace/GDP/genivi-demo-platform/gdp-src-build/tmp/sysroots/qemux86-64/lib/:/home/wangqi/workspace/GDP/genivi-demo-platform/gdp-src-build/tmp/sysroots/qemux86-64/usr/lib/]
  ignore line: [COLLECT_GCC_OPTIONS='--sysroot=/home/wangqi/workspace/GDP/genivi-demo-platform/gdp-src-build/tmp/sysroots/qemux86-64' '-m64' '-march=core2' '-mtune=core2' '-msse3' '-mfpmath=sse' '-O2' '-pipe' '-g' '-feliminate-unused-debug-types' '-v' '-o' 'cmTryCompileExec1085067949' '-rdynamic']
  link line: [ /home/wangqi/workspace/GDP/genivi-demo-platform/gdp-src-build/tmp/sysroots/i686-linux/usr/libexec/x86_64-poky-linux/gcc/x86_64-poky-linux/4.9.1/collect2 -plugin /home/wangqi/workspace/GDP/genivi-demo-platform/gdp-src-build/tmp/sysroots/i686-linux/usr/libexec/x86_64-poky-linux/gcc/x86_64-poky-linux/4.9.1/liblto_plugin.so -plugin-opt=/home/wangqi/workspace/GDP/genivi-demo-platform/gdp-src-build/tmp/sysroots/i686-linux/usr/libexec/x86_64-poky-linux/gcc/x86_64-poky-linux/4.9.1/lto-wrapper -plugin-opt=-fresolution=/tmp/ccPREM7k.res -plugin-opt=-pass-through=-lgcc -plugin-opt=-pass-through=-lgcc_s -plugin-opt=-pass-through=-lc -plugin-opt=-pass-through=-lgcc -plugin-opt=-pass-through=-lgcc_s --sysroot=/home/wangqi/workspace/GDP/genivi-demo-platform/gdp-src-build/tmp/sysroots/qemux86-64 --build-id --eh-frame-hdr --hash-style=gnu -m elf_x86_64 -export-dynamic -dynamic-linker /lib/ld-linux-x86-64.so.2 -o cmTryCompileExec1085067949 /home/wangqi/workspace/GDP/genivi-demo-platform/gdp-src-build/tmp/sysroots/qemux86-64/usr/lib/../lib/crt1.o /home/wangqi/workspace/GDP/genivi-demo-platform/gdp-src-build/tmp/sysroots/qemux86-64/usr/lib/../lib/crti.o /home/wangqi/workspace/GDP/genivi-demo-platform/gdp-src-build/tmp/sysroots/qemux86-64/usr/lib/x86_64-poky-linux/4.9.1/crtbegin.o -L/home/wangqi/workspace/GDP/genivi-demo-platform/gdp-src-build/tmp/sysroots/i686-linux/usr/lib/x86_64-poky-linux/gcc/x86_64-poky-linux/4.9.1 -L/home/wangqi/workspace/GDP/genivi-demo-platform/gdp-src-build/tmp/sysroots/qemux86-64/lib/../lib -L/home/wangqi/workspace/GDP/genivi-demo-platform/gdp-src-build/tmp/sysroots/qemux86-64/usr/lib/x86_64-poky-linux/4.9.1 -L/home/wangqi/workspace/GDP/genivi-demo-platform/gdp-src-build/tmp/sysroots/qemux86-64/usr/lib/../lib -L/home/wangqi/workspace/GDP/genivi-demo-platform/gdp-src-build/tmp/sysroots/qemux86-64/lib -L/home/wangqi/workspace/GDP/genivi-demo-platform/gdp-src-build/tmp/sysroots/qemux86-64/usr/lib CMakeFiles/cmTryCompileExec1085067949.dir/CMakeCCompilerABI.c.o -lgcc --as-needed -lgcc_s --no-as-needed -lc -lgcc --as-needed -lgcc_s --no-as-needed /home/wangqi/workspace/GDP/genivi-demo-platform/gdp-src-build/tmp/sysroots/qemux86-64/usr/lib/x86_64-poky-linux/4.9.1/crtend.o /home/wangqi/workspace/GDP/genivi-demo-platform/gdp-src-build/tmp/sysroots/qemux86-64/usr/lib/../lib/crtn.o]
    arg [/home/wangqi/workspace/GDP/genivi-demo-platform/gdp-src-build/tmp/sysroots/i686-linux/usr/libexec/x86_64-poky-linux/gcc/x86_64-poky-linux/4.9.1/collect2] ==> ignore
    arg [-plugin] ==> ignore
    arg [/home/wangqi/workspace/GDP/genivi-demo-platform/gdp-src-build/tmp/sysroots/i686-linux/usr/libexec/x86_64-poky-linux/gcc/x86_64-poky-linux/4.9.1/liblto_plugin.so] ==> ignore
    arg [-plugin-opt=/home/wangqi/workspace/GDP/genivi-demo-platform/gdp-src-build/tmp/sysroots/i686-linux/usr/libexec/x86_64-poky-linux/gcc/x86_64-poky-linux/4.9.1/lto-wrapper] ==> ignore
    arg [-plugin-opt=-fresolution=/tmp/ccPREM7k.res] ==> ignore
    arg [-plugin-opt=-pass-through=-lgcc] ==> ignore
    arg [-plugin-opt=-pass-through=-lgcc_s] ==> ignore
    arg [-plugin-opt=-pass-through=-lc] ==> ignore
    arg [-plugin-opt=-pass-through=-lgcc] ==> ignore
    arg [-plugin-opt=-pass-through=-lgcc_s] ==> ignore
    arg [--sysroot=/home/wangqi/workspace/GDP/genivi-demo-platform/gdp-src-build/tmp/sysroots/qemux86-64] ==> ignore
    arg [--build-id] ==> ignore
    arg [--eh-frame-hdr] ==> ignore
    arg [--hash-style=gnu] ==> ignore
    arg [-m] ==> ignore
    arg [elf_x86_64] ==> ignore
    arg [-export-dynamic] ==> ignore
    arg [-dynamic-linker] ==> ignore
    arg [/lib/ld-linux-x86-64.so.2] ==> ignore
    arg [-o] ==> ignore
    arg [cmTryCompileExec1085067949] ==> ignore
    arg [/home/wangqi/workspace/GDP/genivi-demo-platform/gdp-src-build/tmp/sysroots/qemux86-64/usr/lib/../lib/crt1.o] ==> ignore
    arg [/home/wangqi/workspace/GDP/genivi-demo-platform/gdp-src-build/tmp/sysroots/qemux86-64/usr/lib/../lib/crti.o] ==> ignore
    arg [/home/wangqi/workspace/GDP/genivi-demo-platform/gdp-src-build/tmp/sysroots/qemux86-64/usr/lib/x86_64-poky-linux/4.9.1/crtbegin.o] ==> ignore
    arg [-L/home/wangqi/workspace/GDP/genivi-demo-platform/gdp-src-build/tmp/sysroots/i686-linux/usr/lib/x86_64-poky-linux/gcc/x86_64-poky-linux/4.9.1] ==> dir [/home/wangqi/workspace/GDP/genivi-demo-platform/gdp-src-build/tmp/sysroots/i686-linux/usr/lib/x86_64-poky-linux/gcc/x86_64-poky-linux/4.9.1]
    arg [-L/home/wangqi/workspace/GDP/genivi-demo-platform/gdp-src-build/tmp/sysroots/qemux86-64/lib/../lib] ==> dir [/home/wangqi/workspace/GDP/genivi-demo-platform/gdp-src-build/tmp/sysroots/qemux86-64/lib/../lib]
    arg [-L/home/wangqi/workspace/GDP/genivi-demo-platform/gdp-src-build/tmp/sysroots/qemux86-64/usr/lib/x86_64-poky-linux/4.9.1] ==> dir [/home/wangqi/workspace/GDP/genivi-demo-platform/gdp-src-build/tmp/sysroots/qemux86-64/usr/lib/x86_64-poky-linux/4.9.1]
    arg [-L/home/wangqi/workspace/GDP/genivi-demo-platform/gdp-src-build/tmp/sysroots/qemux86-64/usr/lib/../lib] ==> dir [/home/wangqi/workspace/GDP/genivi-demo-platform/gdp-src-build/tmp/sysroots/qemux86-64/usr/lib/../lib]
    arg [-L/home/wangqi/workspace/GDP/genivi-demo-platform/gdp-src-build/tmp/sysroots/qemux86-64/lib] ==> dir [/home/wangqi/workspace/GDP/genivi-demo-platform/gdp-src-build/tmp/sysroots/qemux86-64/lib]
    arg [-L/home/wangqi/workspace/GDP/genivi-demo-platform/gdp-src-build/tmp/sysroots/qemux86-64/usr/lib] ==> dir [/home/wangqi/workspace/GDP/genivi-demo-platform/gdp-src-build/tmp/sysroots/qemux86-64/usr/lib]
    arg [CMakeFiles/cmTryCompileExec1085067949.dir/CMakeCCompilerABI.c.o] ==> ignore
    arg [-lgcc] ==> lib [gcc]
    arg [--as-needed] ==> ignore
    arg [-lgcc_s] ==> lib [gcc_s]
    arg [--no-as-needed] ==> ignore
    arg [-lc] ==> lib [c]
    arg [-lgcc] ==> lib [gcc]
    arg [--as-needed] ==> ignore
    arg [-lgcc_s] ==> lib [gcc_s]
    arg [--no-as-needed] ==> ignore
    arg [/home/wangqi/workspace/GDP/genivi-demo-platform/gdp-src-build/tmp/sysroots/qemux86-64/usr/lib/x86_64-poky-linux/4.9.1/crtend.o] ==> ignore
    arg [/home/wangqi/workspace/GDP/genivi-demo-platform/gdp-src-build/tmp/sysroots/qemux86-64/usr/lib/../lib/crtn.o] ==> ignore
  remove lib [gcc]
  remove lib [gcc_s]
  remove lib [gcc]
  remove lib [gcc_s]
  collapse library dir [/home/wangqi/workspace/GDP/genivi-demo-platform/gdp-src-build/tmp/sysroots/i686-linux/usr/lib/x86_64-poky-linux/gcc/x86_64-poky-linux/4.9.1] ==> [/home/wangqi/workspace/GDP/genivi-demo-platform/gdp-src-build/tmp/sysroots/i686-linux/usr/lib/x86_64-poky-linux/gcc/x86_64-poky-linux/4.9.1]
  collapse library dir [/home/wangqi/workspace/GDP/genivi-demo-platform/gdp-src-build/tmp/sysroots/qemux86-64/lib/../lib] ==> [/home/wangqi/workspace/GDP/genivi-demo-platform/gdp-src-build/tmp/sysroots/qemux86-64/lib]
  collapse library dir [/home/wangqi/workspace/GDP/genivi-demo-platform/gdp-src-build/tmp/sysroots/qemux86-64/usr/lib/x86_64-poky-linux/4.9.1] ==> [/home/wangqi/workspace/GDP/genivi-demo-platform/gdp-src-build/tmp/sysroots/qemux86-64/usr/lib/x86_64-poky-linux/4.9.1]
  collapse library dir [/home/wangqi/workspace/GDP/genivi-demo-platform/gdp-src-build/tmp/sysroots/qemux86-64/usr/lib/../lib] ==> [/home/wangqi/workspace/GDP/genivi-demo-platform/gdp-src-build/tmp/sysroots/qemux86-64/usr/lib]
  collapse library dir [/home/wangqi/workspace/GDP/genivi-demo-platform/gdp-src-build/tmp/sysroots/qemux86-64/lib] ==> [/home/wangqi/workspace/GDP/genivi-demo-platform/gdp-src-build/tmp/sysroots/qemux86-64/lib]
  collapse library dir [/home/wangqi/workspace/GDP/genivi-demo-platform/gdp-src-build/tmp/sysroots/qemux86-64/usr/lib] ==> [/home/wangqi/workspace/GDP/genivi-demo-platform/gdp-src-build/tmp/sysroots/qemux86-64/usr/lib]
  implicit libs: [c]
  implicit dirs: [/home/wangqi/workspace/GDP/genivi-demo-platform/gdp-src-build/tmp/sysroots/i686-linux/usr/lib/x86_64-poky-linux/gcc/x86_64-poky-linux/4.9.1;/home/wangqi/workspace/GDP/genivi-demo-platform/gdp-src-build/tmp/sysroots/qemux86-64/lib;/home/wangqi/workspace/GDP/genivi-demo-platform/gdp-src-build/tmp/sysroots/qemux86-64/usr/lib/x86_64-poky-linux/4.9.1;/home/wangqi/workspace/GDP/genivi-demo-platform/gdp-src-build/tmp/sysroots/qemux86-64/usr/lib]
  implicit fwks: []


Determining if the CXX compiler works passed with the following output:
Change Dir: /home/common_api/02_demo/01_sys/test/dbus_so/build/CMakeFiles/CMakeTmp

Run Build Command:"/usr/bin/make" "cmTryCompileExec1779375570/fast"
/usr/bin/make -f CMakeFiles/cmTryCompileExec1779375570.dir/build.make CMakeFiles/cmTryCompileExec1779375570.dir/build
make[1]: Entering directory '/home/common_api/02_demo/01_sys/test/dbus_so/build/CMakeFiles/CMakeTmp'
/usr/bin/cmake -E cmake_progress_report /home/common_api/02_demo/01_sys/test/dbus_so/build/CMakeFiles/CMakeTmp/CMakeFiles 1
Building CXX object CMakeFiles/cmTryCompileExec1779375570.dir/testCXXCompiler.cxx.o
/home/wangqi/workspace/GDP/genivi-demo-platform/gdp-src-build/tmp/sysroots/i686-linux/usr/bin/x86_64-poky-linux/x86_64-poky-linux-g++   -m64 -march=core2 -mtune=core2 -msse3 -mfpmath=sse --sysroot=/home/wangqi/workspace/GDP/genivi-demo-platform/gdp-src-build/tmp/sysroots/qemux86-64   -O2 -pipe -g -feliminate-unused-debug-types     -o CMakeFiles/cmTryCompileExec1779375570.dir/testCXXCompiler.cxx.o -c /home/common_api/02_demo/01_sys/test/dbus_so/build/CMakeFiles/CMakeTmp/testCXXCompiler.cxx
Linking CXX executable cmTryCompileExec1779375570
/usr/bin/cmake -E cmake_link_script CMakeFiles/cmTryCompileExec1779375570.dir/link.txt --verbose=1
/home/wangqi/workspace/GDP/genivi-demo-platform/gdp-src-build/tmp/sysroots/i686-linux/usr/bin/x86_64-poky-linux/x86_64-poky-linux-g++   -m64 -march=core2 -mtune=core2 -msse3 -mfpmath=sse --sysroot=/home/wangqi/workspace/GDP/genivi-demo-platform/gdp-src-build/tmp/sysroots/qemux86-64   -O2 -pipe -g -feliminate-unused-debug-types     -Wl,-O1 -Wl,--hash-style=gnu -Wl,--as-needed CMakeFiles/cmTryCompileExec1779375570.dir/testCXXCompiler.cxx.o  -o cmTryCompileExec1779375570 -rdynamic 
make[1]: Leaving directory '/home/common_api/02_demo/01_sys/test/dbus_so/build/CMakeFiles/CMakeTmp'


Detecting CXX compiler ABI info compiled with the following output:
Change Dir: /home/common_api/02_demo/01_sys/test/dbus_so/build/CMakeFiles/CMakeTmp

Run Build Command:"/usr/bin/make" "cmTryCompileExec2992921991/fast"
/usr/bin/make -f CMakeFiles/cmTryCompileExec2992921991.dir/build.make CMakeFiles/cmTryCompileExec2992921991.dir/build
make[1]: Entering directory '/home/common_api/02_demo/01_sys/test/dbus_so/build/CMakeFiles/CMakeTmp'
/usr/bin/cmake -E cmake_progress_report /home/common_api/02_demo/01_sys/test/dbus_so/build/CMakeFiles/CMakeTmp/CMakeFiles 1
Building CXX object CMakeFiles/cmTryCompileExec2992921991.dir/CMakeCXXCompilerABI.cpp.o
/home/wangqi/workspace/GDP/genivi-demo-platform/gdp-src-build/tmp/sysroots/i686-linux/usr/bin/x86_64-poky-linux/x86_64-poky-linux-g++   -m64 -march=core2 -mtune=core2 -msse3 -mfpmath=sse --sysroot=/home/wangqi/workspace/GDP/genivi-demo-platform/gdp-src-build/tmp/sysroots/qemux86-64   -O2 -pipe -g -feliminate-unused-debug-types     -o CMakeFiles/cmTryCompileExec2992921991.dir/CMakeCXXCompilerABI.cpp.o -c /usr/share/cmake-3.0/Modules/CMakeCXXCompilerABI.cpp
Linking CXX executable cmTryCompileExec2992921991
/usr/bin/cmake -E cmake_link_script CMakeFiles/cmTryCompileExec2992921991.dir/link.txt --verbose=1
/home/wangqi/workspace/GDP/genivi-demo-platform/gdp-src-build/tmp/sysroots/i686-linux/usr/bin/x86_64-poky-linux/x86_64-poky-linux-g++   -m64 -march=core2 -mtune=core2 -msse3 -mfpmath=sse --sysroot=/home/wangqi/workspace/GDP/genivi-demo-platform/gdp-src-build/tmp/sysroots/qemux86-64   -O2 -pipe -g -feliminate-unused-debug-types    -v CMakeFiles/cmTryCompileExec2992921991.dir/CMakeCXXCompilerABI.cpp.o  -o cmTryCompileExec2992921991 -rdynamic  
Using built-in specs.
COLLECT_GCC=/home/wangqi/workspace/GDP/genivi-demo-platform/gdp-src-build/tmp/sysroots/i686-linux/usr/bin/x86_64-poky-linux/x86_64-poky-linux-g++
COLLECT_LTO_WRAPPER=/home/wangqi/workspace/GDP/genivi-demo-platform/gdp-src-build/tmp/sysroots/i686-linux/usr/libexec/x86_64-poky-linux/gcc/x86_64-poky-linux/4.9.1/lto-wrapper
Target: x86_64-poky-linux
Configured with: /home/wangqi/workspace/GDP/genivi-demo-platform/gdp-src-build/tmp/work-shared/gcc-4.9.1-r0/gcc-4.9.1/configure --build=i686-linux --host=i686-linux --target=x86_64-poky-linux --prefix=/home/wangqi/workspace/GDP/genivi-demo-platform/gdp-src-build/tmp/sysroots/i686-linux/usr --exec_prefix=/home/wangqi/workspace/GDP/genivi-demo-platform/gdp-src-build/tmp/sysroots/i686-linux/usr --bindir=/home/wangqi/workspace/GDP/genivi-demo-platform/gdp-src-build/tmp/sysroots/i686-linux/usr/bin/x86_64-poky-linux --sbindir=/home/wangqi/workspace/GDP/genivi-demo-platform/gdp-src-build/tmp/sysroots/i686-linux/usr/bin/x86_64-poky-linux --libexecdir=/home/wangqi/workspace/GDP/genivi-demo-platform/gdp-src-build/tmp/sysroots/i686-linux/usr/libexec/x86_64-poky-linux --datadir=/home/wangqi/workspace/GDP/genivi-demo-platform/gdp-src-build/tmp/sysroots/i686-linux/usr/share --sysconfdir=/home/wangqi/workspace/GDP/genivi-demo-platform/gdp-src-build/tmp/sysroots/i686-linux/etc --sharedstatedir=/home/wangqi/workspace/GDP/genivi-demo-platform/gdp-src-build/tmp/sysroots/i686-linux/com --localstatedir=/home/wangqi/workspace/GDP/genivi-demo-platform/gdp-src-build/tmp/sysroots/i686-linux/var --libdir=/home/wangqi/workspace/GDP/genivi-demo-platform/gdp-src-build/tmp/sysroots/i686-linux/usr/lib/x86_64-poky-linux --includedir=/home/wangqi/workspace/GDP/genivi-demo-platform/gdp-src-build/tmp/sysroots/i686-linux/usr/include --oldincludedir=/home/wangqi/workspace/GDP/genivi-demo-platform/gdp-src-build/tmp/sysroots/i686-linux/usr/include --infodir=/home/wangqi/workspace/GDP/genivi-demo-platform/gdp-src-build/tmp/sysroots/i686-linux/usr/share/info --mandir=/home/wangqi/workspace/GDP/genivi-demo-platform/gdp-src-build/tmp/sysroots/i686-linux/usr/share/man --disable-silent-rules --disable-dependency-tracking --with-libtool-sysroot=/home/wangqi/workspace/GDP/genivi-demo-platform/gdp-src-build/tmp/sysroots/i686-linux --enable-clocale=generic --with-gnu-ld --enable-shared --enable-languages=c,c++ --enable-threads=posix --disable-multilib --enable-c99 --enable-long-long --enable-symvers=gnu --enable-libstdcxx-pch --program-prefix=x86_64-poky-linux- --without-local-prefix --enable-target-optspace --enable-lto --enable-libssp --disable-bootstrap --disable-libmudflap --with-system-zlib --with-linker-hash-style=gnu --enable-linker-build-id --with-ppl=no --with-cloog=no --enable-checking=release --enable-cheaders=c_global --with-gxx-include-dir=/home/wangqi/workspace/GDP/genivi-demo-platform/gdp-src-build/tmp/sysroots/qemux86-64/usr/include/c++/4.9.1 --with-sysroot=/home/wangqi/workspace/GDP/genivi-demo-platform/gdp-src-build/tmp/sysroots/qemux86-64 --with-build-sysroot=/home/wangqi/workspace/GDP/genivi-demo-platform/gdp-src-build/tmp/sysroots/qemux86-64 --enable-poison-system-directories --with-mpfr=/home/wangqi/workspace/GDP/genivi-demo-platform/gdp-src-build/tmp/sysroots/i686-linux/usr --with-system-zlib --disable-nls --enable-__cxa_atexit
Thread model: posix
gcc version 4.9.1 (GCC) 
COMPILER_PATH=/home/wangqi/workspace/GDP/genivi-demo-platform/gdp-src-build/tmp/sysroots/i686-linux/usr/libexec/x86_64-poky-linux/gcc/x86_64-poky-linux/4.9.1/:/home/wangqi/workspace/GDP/genivi-demo-platform/gdp-src-build/tmp/sysroots/i686-linux/usr/libexec/x86_64-poky-linux/gcc/x86_64-poky-linux/4.9.1/:/home/wangqi/workspace/GDP/genivi-demo-platform/gdp-src-build/tmp/sysroots/i686-linux/usr/libexec/x86_64-poky-linux/gcc/x86_64-poky-linux/:/home/wangqi/workspace/GDP/genivi-demo-platform/gdp-src-build/tmp/sysroots/i686-linux/usr/lib/x86_64-poky-linux/gcc/x86_64-poky-linux/4.9.1/:/home/wangqi/workspace/GDP/genivi-demo-platform/gdp-src-build/tmp/sysroots/i686-linux/usr/lib/x86_64-poky-linux/gcc/x86_64-poky-linux/
LIBRARY_PATH=/home/wangqi/workspace/GDP/genivi-demo-platform/gdp-src-build/tmp/sysroots/i686-linux/usr/lib/x86_64-poky-linux/gcc/x86_64-poky-linux/4.9.1/:/home/wangqi/workspace/GDP/genivi-demo-platform/gdp-src-build/tmp/sysroots/qemux86-64/lib/../lib/:/home/wangqi/workspace/GDP/genivi-demo-platform/gdp-src-build/tmp/sysroots/qemux86-64/usr/lib/x86_64-poky-linux/4.9.1/:/home/wangqi/workspace/GDP/genivi-demo-platform/gdp-src-build/tmp/sysroots/qemux86-64/usr/lib/../lib/:/home/wangqi/workspace/GDP/genivi-demo-platform/gdp-src-build/tmp/sysroots/qemux86-64/lib/:/home/wangqi/workspace/GDP/genivi-demo-platform/gdp-src-build/tmp/sysroots/qemux86-64/usr/lib/
COLLECT_GCC_OPTIONS='--sysroot=/home/wangqi/workspace/GDP/genivi-demo-platform/gdp-src-build/tmp/sysroots/qemux86-64' '-m64' '-march=core2' '-mtune=core2' '-msse3' '-mfpmath=sse' '-O2' '-pipe' '-g' '-feliminate-unused-debug-types' '-v' '-o' 'cmTryCompileExec2992921991' '-rdynamic' '-shared-libgcc'
 /home/wangqi/workspace/GDP/genivi-demo-platform/gdp-src-build/tmp/sysroots/i686-linux/usr/libexec/x86_64-poky-linux/gcc/x86_64-poky-linux/4.9.1/collect2 -plugin /home/wangqi/workspace/GDP/genivi-demo-platform/gdp-src-build/tmp/sysroots/i686-linux/usr/libexec/x86_64-poky-linux/gcc/x86_64-poky-linux/4.9.1/liblto_plugin.so -plugin-opt=/home/wangqi/workspace/GDP/genivi-demo-platform/gdp-src-build/tmp/sysroots/i686-linux/usr/libexec/x86_64-poky-linux/gcc/x86_64-poky-linux/4.9.1/lto-wrapper -plugin-opt=-fresolution=/tmp/cc0wCPNx.res -plugin-opt=-pass-through=-lgcc_s -plugin-opt=-pass-through=-lgcc -plugin-opt=-pass-through=-lc -plugin-opt=-pass-through=-lgcc_s -plugin-opt=-pass-through=-lgcc --sysroot=/home/wangqi/workspace/GDP/genivi-demo-platform/gdp-src-build/tmp/sysroots/qemux86-64 --build-id --eh-frame-hdr --hash-style=gnu -m elf_x86_64 -export-dynamic -dynamic-linker /lib/ld-linux-x86-64.so.2 -o cmTryCompileExec2992921991 /home/wangqi/workspace/GDP/genivi-demo-platform/gdp-src-build/tmp/sysroots/qemux86-64/usr/lib/../lib/crt1.o /home/wangqi/workspace/GDP/genivi-demo-platform/gdp-src-build/tmp/sysroots/qemux86-64/usr/lib/../lib/crti.o /home/wangqi/workspace/GDP/genivi-demo-platform/gdp-src-build/tmp/sysroots/qemux86-64/usr/lib/x86_64-poky-linux/4.9.1/crtbegin.o -L/home/wangqi/workspace/GDP/genivi-demo-platform/gdp-src-build/tmp/sysroots/i686-linux/usr/lib/x86_64-poky-linux/gcc/x86_64-poky-linux/4.9.1 -L/home/wangqi/workspace/GDP/genivi-demo-platform/gdp-src-build/tmp/sysroots/qemux86-64/lib/../lib -L/home/wangqi/workspace/GDP/genivi-demo-platform/gdp-src-build/tmp/sysroots/qemux86-64/usr/lib/x86_64-poky-linux/4.9.1 -L/home/wangqi/workspace/GDP/genivi-demo-platform/gdp-src-build/tmp/sysroots/qemux86-64/usr/lib/../lib -L/home/wangqi/workspace/GDP/genivi-demo-platform/gdp-src-build/tmp/sysroots/qemux86-64/lib -L/home/wangqi/workspace/GDP/genivi-demo-platform/gdp-src-build/tmp/sysroots/qemux86-64/usr/lib CMakeFiles/cmTryCompileExec2992921991.dir/CMakeCXXCompilerABI.cpp.o -lstdc++ -lm -lgcc_s -lgcc -lc -lgcc_s -lgcc /home/wangqi/workspace/GDP/genivi-demo-platform/gdp-src-build/tmp/sysroots/qemux86-64/usr/lib/x86_64-poky-linux/4.9.1/crtend.o /home/wangqi/workspace/GDP/genivi-demo-platform/gdp-src-build/tmp/sysroots/qemux86-64/usr/lib/../lib/crtn.o
make[1]: Leaving directory '/home/common_api/02_demo/01_sys/test/dbus_so/build/CMakeFiles/CMakeTmp'


Parsed CXX implicit link information from above output:
  link line regex: [^( *|.*[/\])(ld|([^/\]+-)?ld|collect2)[^/\]*( |$)]
  ignore line: [Change Dir: /home/common_api/02_demo/01_sys/test/dbus_so/build/CMakeFiles/CMakeTmp]
  ignore line: []
  ignore line: [Run Build Command:"/usr/bin/make" "cmTryCompileExec2992921991/fast"]
  ignore line: [/usr/bin/make -f CMakeFiles/cmTryCompileExec2992921991.dir/build.make CMakeFiles/cmTryCompileExec2992921991.dir/build]
  ignore line: [make[1]: Entering directory '/home/common_api/02_demo/01_sys/test/dbus_so/build/CMakeFiles/CMakeTmp']
  ignore line: [/usr/bin/cmake -E cmake_progress_report /home/common_api/02_demo/01_sys/test/dbus_so/build/CMakeFiles/CMakeTmp/CMakeFiles 1]
  ignore line: [Building CXX object CMakeFiles/cmTryCompileExec2992921991.dir/CMakeCXXCompilerABI.cpp.o]
  ignore line: [/home/wangqi/workspace/GDP/genivi-demo-platform/gdp-src-build/tmp/sysroots/i686-linux/usr/bin/x86_64-poky-linux/x86_64-poky-linux-g++   -m64 -march=core2 -mtune=core2 -msse3 -mfpmath=sse --sysroot=/home/wangqi/workspace/GDP/genivi-demo-platform/gdp-src-build/tmp/sysroots/qemux86-64   -O2 -pipe -g -feliminate-unused-debug-types     -o CMakeFiles/cmTryCompileExec2992921991.dir/CMakeCXXCompilerABI.cpp.o -c /usr/share/cmake-3.0/Modules/CMakeCXXCompilerABI.cpp]
  ignore line: [Linking CXX executable cmTryCompileExec2992921991]
  ignore line: [/usr/bin/cmake -E cmake_link_script CMakeFiles/cmTryCompileExec2992921991.dir/link.txt --verbose=1]
  ignore line: [/home/wangqi/workspace/GDP/genivi-demo-platform/gdp-src-build/tmp/sysroots/i686-linux/usr/bin/x86_64-poky-linux/x86_64-poky-linux-g++   -m64 -march=core2 -mtune=core2 -msse3 -mfpmath=sse --sysroot=/home/wangqi/workspace/GDP/genivi-demo-platform/gdp-src-build/tmp/sysroots/qemux86-64   -O2 -pipe -g -feliminate-unused-debug-types    -v CMakeFiles/cmTryCompileExec2992921991.dir/CMakeCXXCompilerABI.cpp.o  -o cmTryCompileExec2992921991 -rdynamic  ]
  ignore line: [Using built-in specs.]
  ignore line: [COLLECT_GCC=/home/wangqi/workspace/GDP/genivi-demo-platform/gdp-src-build/tmp/sysroots/i686-linux/usr/bin/x86_64-poky-linux/x86_64-poky-linux-g++]
  ignore line: [COLLECT_LTO_WRAPPER=/home/wangqi/workspace/GDP/genivi-demo-platform/gdp-src-build/tmp/sysroots/i686-linux/usr/libexec/x86_64-poky-linux/gcc/x86_64-poky-linux/4.9.1/lto-wrapper]
  ignore line: [Target: x86_64-poky-linux]
  ignore line: [Configured with: /home/wangqi/workspace/GDP/genivi-demo-platform/gdp-src-build/tmp/work-shared/gcc-4.9.1-r0/gcc-4.9.1/configure --build=i686-linux --host=i686-linux --target=x86_64-poky-linux --prefix=/home/wangqi/workspace/GDP/genivi-demo-platform/gdp-src-build/tmp/sysroots/i686-linux/usr --exec_prefix=/home/wangqi/workspace/GDP/genivi-demo-platform/gdp-src-build/tmp/sysroots/i686-linux/usr --bindir=/home/wangqi/workspace/GDP/genivi-demo-platform/gdp-src-build/tmp/sysroots/i686-linux/usr/bin/x86_64-poky-linux --sbindir=/home/wangqi/workspace/GDP/genivi-demo-platform/gdp-src-build/tmp/sysroots/i686-linux/usr/bin/x86_64-poky-linux --libexecdir=/home/wangqi/workspace/GDP/genivi-demo-platform/gdp-src-build/tmp/sysroots/i686-linux/usr/libexec/x86_64-poky-linux --datadir=/home/wangqi/workspace/GDP/genivi-demo-platform/gdp-src-build/tmp/sysroots/i686-linux/usr/share --sysconfdir=/home/wangqi/workspace/GDP/genivi-demo-platform/gdp-src-build/tmp/sysroots/i686-linux/etc --sharedstatedir=/home/wangqi/workspace/GDP/genivi-demo-platform/gdp-src-build/tmp/sysroots/i686-linux/com --localstatedir=/home/wangqi/workspace/GDP/genivi-demo-platform/gdp-src-build/tmp/sysroots/i686-linux/var --libdir=/home/wangqi/workspace/GDP/genivi-demo-platform/gdp-src-build/tmp/sysroots/i686-linux/usr/lib/x86_64-poky-linux --includedir=/home/wangqi/workspace/GDP/genivi-demo-platform/gdp-src-build/tmp/sysroots/i686-linux/usr/include --oldincludedir=/home/wangqi/workspace/GDP/genivi-demo-platform/gdp-src-build/tmp/sysroots/i686-linux/usr/include --infodir=/home/wangqi/workspace/GDP/genivi-demo-platform/gdp-src-build/tmp/sysroots/i686-linux/usr/share/info --mandir=/home/wangqi/workspace/GDP/genivi-demo-platform/gdp-src-build/tmp/sysroots/i686-linux/usr/share/man --disable-silent-rules --disable-dependency-tracking --with-libtool-sysroot=/home/wangqi/workspace/GDP/genivi-demo-platform/gdp-src-build/tmp/sysroots/i686-linux --enable-clocale=generic --with-gnu-ld --enable-shared --enable-languages=c,c++ --enable-threads=posix --disable-multilib --enable-c99 --enable-long-long --enable-symvers=gnu --enable-libstdcxx-pch --program-prefix=x86_64-poky-linux- --without-local-prefix --enable-target-optspace --enable-lto --enable-libssp --disable-bootstrap --disable-libmudflap --with-system-zlib --with-linker-hash-style=gnu --enable-linker-build-id --with-ppl=no --with-cloog=no --enable-checking=release --enable-cheaders=c_global --with-gxx-include-dir=/home/wangqi/workspace/GDP/genivi-demo-platform/gdp-src-build/tmp/sysroots/qemux86-64/usr/include/c++/4.9.1 --with-sysroot=/home/wangqi/workspace/GDP/genivi-demo-platform/gdp-src-build/tmp/sysroots/qemux86-64 --with-build-sysroot=/home/wangqi/workspace/GDP/genivi-demo-platform/gdp-src-build/tmp/sysroots/qemux86-64 --enable-poison-system-directories --with-mpfr=/home/wangqi/workspace/GDP/genivi-demo-platform/gdp-src-build/tmp/sysroots/i686-linux/usr --with-system-zlib --disable-nls --enable-__cxa_atexit]
  ignore line: [Thread model: posix]
  ignore line: [gcc version 4.9.1 (GCC) ]
  ignore line: [COMPILER_PATH=/home/wangqi/workspace/GDP/genivi-demo-platform/gdp-src-build/tmp/sysroots/i686-linux/usr/libexec/x86_64-poky-linux/gcc/x86_64-poky-linux/4.9.1/:/home/wangqi/workspace/GDP/genivi-demo-platform/gdp-src-build/tmp/sysroots/i686-linux/usr/libexec/x86_64-poky-linux/gcc/x86_64-poky-linux/4.9.1/:/home/wangqi/workspace/GDP/genivi-demo-platform/gdp-src-build/tmp/sysroots/i686-linux/usr/libexec/x86_64-poky-linux/gcc/x86_64-poky-linux/:/home/wangqi/workspace/GDP/genivi-demo-platform/gdp-src-build/tmp/sysroots/i686-linux/usr/lib/x86_64-poky-linux/gcc/x86_64-poky-linux/4.9.1/:/home/wangqi/workspace/GDP/genivi-demo-platform/gdp-src-build/tmp/sysroots/i686-linux/usr/lib/x86_64-poky-linux/gcc/x86_64-poky-linux/]
  ignore line: [LIBRARY_PATH=/home/wangqi/workspace/GDP/genivi-demo-platform/gdp-src-build/tmp/sysroots/i686-linux/usr/lib/x86_64-poky-linux/gcc/x86_64-poky-linux/4.9.1/:/home/wangqi/workspace/GDP/genivi-demo-platform/gdp-src-build/tmp/sysroots/qemux86-64/lib/../lib/:/home/wangqi/workspace/GDP/genivi-demo-platform/gdp-src-build/tmp/sysroots/qemux86-64/usr/lib/x86_64-poky-linux/4.9.1/:/home/wangqi/workspace/GDP/genivi-demo-platform/gdp-src-build/tmp/sysroots/qemux86-64/usr/lib/../lib/:/home/wangqi/workspace/GDP/genivi-demo-platform/gdp-src-build/tmp/sysroots/qemux86-64/lib/:/home/wangqi/workspace/GDP/genivi-demo-platform/gdp-src-build/tmp/sysroots/qemux86-64/usr/lib/]
  ignore line: [COLLECT_GCC_OPTIONS='--sysroot=/home/wangqi/workspace/GDP/genivi-demo-platform/gdp-src-build/tmp/sysroots/qemux86-64' '-m64' '-march=core2' '-mtune=core2' '-msse3' '-mfpmath=sse' '-O2' '-pipe' '-g' '-feliminate-unused-debug-types' '-v' '-o' 'cmTryCompileExec2992921991' '-rdynamic' '-shared-libgcc']
  link line: [ /home/wangqi/workspace/GDP/genivi-demo-platform/gdp-src-build/tmp/sysroots/i686-linux/usr/libexec/x86_64-poky-linux/gcc/x86_64-poky-linux/4.9.1/collect2 -plugin /home/wangqi/workspace/GDP/genivi-demo-platform/gdp-src-build/tmp/sysroots/i686-linux/usr/libexec/x86_64-poky-linux/gcc/x86_64-poky-linux/4.9.1/liblto_plugin.so -plugin-opt=/home/wangqi/workspace/GDP/genivi-demo-platform/gdp-src-build/tmp/sysroots/i686-linux/usr/libexec/x86_64-poky-linux/gcc/x86_64-poky-linux/4.9.1/lto-wrapper -plugin-opt=-fresolution=/tmp/cc0wCPNx.res -plugin-opt=-pass-through=-lgcc_s -plugin-opt=-pass-through=-lgcc -plugin-opt=-pass-through=-lc -plugin-opt=-pass-through=-lgcc_s -plugin-opt=-pass-through=-lgcc --sysroot=/home/wangqi/workspace/GDP/genivi-demo-platform/gdp-src-build/tmp/sysroots/qemux86-64 --build-id --eh-frame-hdr --hash-style=gnu -m elf_x86_64 -export-dynamic -dynamic-linker /lib/ld-linux-x86-64.so.2 -o cmTryCompileExec2992921991 /home/wangqi/workspace/GDP/genivi-demo-platform/gdp-src-build/tmp/sysroots/qemux86-64/usr/lib/../lib/crt1.o /home/wangqi/workspace/GDP/genivi-demo-platform/gdp-src-build/tmp/sysroots/qemux86-64/usr/lib/../lib/crti.o /home/wangqi/workspace/GDP/genivi-demo-platform/gdp-src-build/tmp/sysroots/qemux86-64/usr/lib/x86_64-poky-linux/4.9.1/crtbegin.o -L/home/wangqi/workspace/GDP/genivi-demo-platform/gdp-src-build/tmp/sysroots/i686-linux/usr/lib/x86_64-poky-linux/gcc/x86_64-poky-linux/4.9.1 -L/home/wangqi/workspace/GDP/genivi-demo-platform/gdp-src-build/tmp/sysroots/qemux86-64/lib/../lib -L/home/wangqi/workspace/GDP/genivi-demo-platform/gdp-src-build/tmp/sysroots/qemux86-64/usr/lib/x86_64-poky-linux/4.9.1 -L/home/wangqi/workspace/GDP/genivi-demo-platform/gdp-src-build/tmp/sysroots/qemux86-64/usr/lib/../lib -L/home/wangqi/workspace/GDP/genivi-demo-platform/gdp-src-build/tmp/sysroots/qemux86-64/lib -L/home/wangqi/workspace/GDP/genivi-demo-platform/gdp-src-build/tmp/sysroots/qemux86-64/usr/lib CMakeFiles/cmTryCompileExec2992921991.dir/CMakeCXXCompilerABI.cpp.o -lstdc++ -lm -lgcc_s -lgcc -lc -lgcc_s -lgcc /home/wangqi/workspace/GDP/genivi-demo-platform/gdp-src-build/tmp/sysroots/qemux86-64/usr/lib/x86_64-poky-linux/4.9.1/crtend.o /home/wangqi/workspace/GDP/genivi-demo-platform/gdp-src-build/tmp/sysroots/qemux86-64/usr/lib/../lib/crtn.o]
    arg [/home/wangqi/workspace/GDP/genivi-demo-platform/gdp-src-build/tmp/sysroots/i686-linux/usr/libexec/x86_64-poky-linux/gcc/x86_64-poky-linux/4.9.1/collect2] ==> ignore
    arg [-plugin] ==> ignore
    arg [/home/wangqi/workspace/GDP/genivi-demo-platform/gdp-src-build/tmp/sysroots/i686-linux/usr/libexec/x86_64-poky-linux/gcc/x86_64-poky-linux/4.9.1/liblto_plugin.so] ==> ignore
    arg [-plugin-opt=/home/wangqi/workspace/GDP/genivi-demo-platform/gdp-src-build/tmp/sysroots/i686-linux/usr/libexec/x86_64-poky-linux/gcc/x86_64-poky-linux/4.9.1/lto-wrapper] ==> ignore
    arg [-plugin-opt=-fresolution=/tmp/cc0wCPNx.res] ==> ignore
    arg [-plugin-opt=-pass-through=-lgcc_s] ==> ignore
    arg [-plugin-opt=-pass-through=-lgcc] ==> ignore
    arg [-plugin-opt=-pass-through=-lc] ==> ignore
    arg [-plugin-opt=-pass-through=-lgcc_s] ==> ignore
    arg [-plugin-opt=-pass-through=-lgcc] ==> ignore
    arg [--sysroot=/home/wangqi/workspace/GDP/genivi-demo-platform/gdp-src-build/tmp/sysroots/qemux86-64] ==> ignore
    arg [--build-id] ==> ignore
    arg [--eh-frame-hdr] ==> ignore
    arg [--hash-style=gnu] ==> ignore
    arg [-m] ==> ignore
    arg [elf_x86_64] ==> ignore
    arg [-export-dynamic] ==> ignore
    arg [-dynamic-linker] ==> ignore
    arg [/lib/ld-linux-x86-64.so.2] ==> ignore
    arg [-o] ==> ignore
    arg [cmTryCompileExec2992921991] ==> ignore
    arg [/home/wangqi/workspace/GDP/genivi-demo-platform/gdp-src-build/tmp/sysroots/qemux86-64/usr/lib/../lib/crt1.o] ==> ignore
    arg [/home/wangqi/workspace/GDP/genivi-demo-platform/gdp-src-build/tmp/sysroots/qemux86-64/usr/lib/../lib/crti.o] ==> ignore
    arg [/home/wangqi/workspace/GDP/genivi-demo-platform/gdp-src-build/tmp/sysroots/qemux86-64/usr/lib/x86_64-poky-linux/4.9.1/crtbegin.o] ==> ignore
    arg [-L/home/wangqi/workspace/GDP/genivi-demo-platform/gdp-src-build/tmp/sysroots/i686-linux/usr/lib/x86_64-poky-linux/gcc/x86_64-poky-linux/4.9.1] ==> dir [/home/wangqi/workspace/GDP/genivi-demo-platform/gdp-src-build/tmp/sysroots/i686-linux/usr/lib/x86_64-poky-linux/gcc/x86_64-poky-linux/4.9.1]
    arg [-L/home/wangqi/workspace/GDP/genivi-demo-platform/gdp-src-build/tmp/sysroots/qemux86-64/lib/../lib] ==> dir [/home/wangqi/workspace/GDP/genivi-demo-platform/gdp-src-build/tmp/sysroots/qemux86-64/lib/../lib]
    arg [-L/home/wangqi/workspace/GDP/genivi-demo-platform/gdp-src-build/tmp/sysroots/qemux86-64/usr/lib/x86_64-poky-linux/4.9.1] ==> dir [/home/wangqi/workspace/GDP/genivi-demo-platform/gdp-src-build/tmp/sysroots/qemux86-64/usr/lib/x86_64-poky-linux/4.9.1]
    arg [-L/home/wangqi/workspace/GDP/genivi-demo-platform/gdp-src-build/tmp/sysroots/qemux86-64/usr/lib/../lib] ==> dir [/home/wangqi/workspace/GDP/genivi-demo-platform/gdp-src-build/tmp/sysroots/qemux86-64/usr/lib/../lib]
    arg [-L/home/wangqi/workspace/GDP/genivi-demo-platform/gdp-src-build/tmp/sysroots/qemux86-64/lib] ==> dir [/home/wangqi/workspace/GDP/genivi-demo-platform/gdp-src-build/tmp/sysroots/qemux86-64/lib]
    arg [-L/home/wangqi/workspace/GDP/genivi-demo-platform/gdp-src-build/tmp/sysroots/qemux86-64/usr/lib] ==> dir [/home/wangqi/workspace/GDP/genivi-demo-platform/gdp-src-build/tmp/sysroots/qemux86-64/usr/lib]
    arg [CMakeFiles/cmTryCompileExec2992921991.dir/CMakeCXXCompilerABI.cpp.o] ==> ignore
    arg [-lstdc++] ==> lib [stdc++]
    arg [-lm] ==> lib [m]
    arg [-lgcc_s] ==> lib [gcc_s]
    arg [-lgcc] ==> lib [gcc]
    arg [-lc] ==> lib [c]
    arg [-lgcc_s] ==> lib [gcc_s]
    arg [-lgcc] ==> lib [gcc]
    arg [/home/wangqi/workspace/GDP/genivi-demo-platform/gdp-src-build/tmp/sysroots/qemux86-64/usr/lib/x86_64-poky-linux/4.9.1/crtend.o] ==> ignore
    arg [/home/wangqi/workspace/GDP/genivi-demo-platform/gdp-src-build/tmp/sysroots/qemux86-64/usr/lib/../lib/crtn.o] ==> ignore
  remove lib [gcc_s]
  remove lib [gcc]
  remove lib [gcc_s]
  remove lib [gcc]
  collapse library dir [/home/wangqi/workspace/GDP/genivi-demo-platform/gdp-src-build/tmp/sysroots/i686-linux/usr/lib/x86_64-poky-linux/gcc/x86_64-poky-linux/4.9.1] ==> [/home/wangqi/workspace/GDP/genivi-demo-platform/gdp-src-build/tmp/sysroots/i686-linux/usr/lib/x86_64-poky-linux/gcc/x86_64-poky-linux/4.9.1]
  collapse library dir [/home/wangqi/workspace/GDP/genivi-demo-platform/gdp-src-build/tmp/sysroots/qemux86-64/lib/../lib] ==> [/home/wangqi/workspace/GDP/genivi-demo-platform/gdp-src-build/tmp/sysroots/qemux86-64/lib]
  collapse library dir [/home/wangqi/workspace/GDP/genivi-demo-platform/gdp-src-build/tmp/sysroots/qemux86-64/usr/lib/x86_64-poky-linux/4.9.1] ==> [/home/wangqi/workspace/GDP/genivi-demo-platform/gdp-src-build/tmp/sysroots/qemux86-64/usr/lib/x86_64-poky-linux/4.9.1]
  collapse library dir [/home/wangqi/workspace/GDP/genivi-demo-platform/gdp-src-build/tmp/sysroots/qemux86-64/usr/lib/../lib] ==> [/home/wangqi/workspace/GDP/genivi-demo-platform/gdp-src-build/tmp/sysroots/qemux86-64/usr/lib]
  collapse library dir [/home/wangqi/workspace/GDP/genivi-demo-platform/gdp-src-build/tmp/sysroots/qemux86-64/lib] ==> [/home/wangqi/workspace/GDP/genivi-demo-platform/gdp-src-build/tmp/sysroots/qemux86-64/lib]
  collapse library dir [/home/wangqi/workspace/GDP/genivi-demo-platform/gdp-src-build/tmp/sysroots/qemux86-64/usr/lib] ==> [/home/wangqi/workspace/GDP/genivi-demo-platform/gdp-src-build/tmp/sysroots/qemux86-64/usr/lib]
  implicit libs: [stdc++;m;c]
  implicit dirs: [/home/wangqi/workspace/GDP/genivi-demo-platform/gdp-src-build/tmp/sysroots/i686-linux/usr/lib/x86_64-poky-linux/gcc/x86_64-poky-linux/4.9.1;/home/wangqi/workspace/GDP/genivi-demo-platform/gdp-src-build/tmp/sysroots/qemux86-64/lib;/home/wangqi/workspace/GDP/genivi-demo-platform/gdp-src-build/tmp/sysroots/qemux86-64/usr/lib/x86_64-poky-linux/4.9.1;/home/wangqi/workspace/GDP/genivi-demo-platform/gdp-src-build/tmp/sysroots/qemux86-64/usr/lib]
  implicit fwks: []


